<?xml version="1.0" encoding="UTF-8"?>
<testsuite name="com.mindex.challenge.service.employee.impl.CompensationServiceImplTest" tests="1" skipped="0" failures="0" errors="0" timestamp="2023-12-21T22:08:58" hostname="SRU-DESKTOP" time="0.271">
  <properties/>
  <testcase name="testCreateReadUpdate" classname="com.mindex.challenge.service.employee.impl.CompensationServiceImplTest" time="0.271"/>
  <system-out><![CDATA[17:08:56.502 [Test worker] DEBUG org.springframework.test.context.junit4.SpringJUnit4ClassRunner - SpringJUnit4ClassRunner constructor called with [class com.mindex.challenge.service.employee.impl.CompensationServiceImplTest]
17:08:56.506 [Test worker] DEBUG org.springframework.test.context.BootstrapUtils - Instantiating CacheAwareContextLoaderDelegate from class [org.springframework.test.context.cache.DefaultCacheAwareContextLoaderDelegate]
17:08:56.510 [Test worker] DEBUG org.springframework.test.context.BootstrapUtils - Instantiating BootstrapContext using constructor [public org.springframework.test.context.support.DefaultBootstrapContext(java.lang.Class,org.springframework.test.context.CacheAwareContextLoaderDelegate)]
17:08:56.531 [Test worker] DEBUG org.springframework.test.context.BootstrapUtils - Instantiating TestContextBootstrapper for test class [com.mindex.challenge.service.employee.impl.CompensationServiceImplTest] from class [org.springframework.boot.test.context.SpringBootTestContextBootstrapper]
17:08:56.540 [Test worker] INFO org.springframework.boot.test.context.SpringBootTestContextBootstrapper - Neither @ContextConfiguration nor @ContextHierarchy found for test class [com.mindex.challenge.service.employee.impl.CompensationServiceImplTest], using SpringBootContextLoader
17:08:56.543 [Test worker] DEBUG org.springframework.test.context.support.AbstractContextLoader - Did not detect default resource location for test class [com.mindex.challenge.service.employee.impl.CompensationServiceImplTest]: class path resource [com/mindex/challenge/service/employee/impl/CompensationServiceImplTest-context.xml] does not exist
17:08:56.543 [Test worker] DEBUG org.springframework.test.context.support.AbstractContextLoader - Did not detect default resource location for test class [com.mindex.challenge.service.employee.impl.CompensationServiceImplTest]: class path resource [com/mindex/challenge/service/employee/impl/CompensationServiceImplTestContext.groovy] does not exist
17:08:56.543 [Test worker] INFO org.springframework.test.context.support.AbstractContextLoader - Could not detect default resource locations for test class [com.mindex.challenge.service.employee.impl.CompensationServiceImplTest]: no resource found for suffixes {-context.xml, Context.groovy}.
17:08:56.543 [Test worker] INFO org.springframework.test.context.support.AnnotationConfigContextLoaderUtils - Could not detect default configuration classes for test class [com.mindex.challenge.service.employee.impl.CompensationServiceImplTest]: CompensationServiceImplTest does not declare any static, non-private, non-final, nested classes annotated with @Configuration.
17:08:56.568 [Test worker] DEBUG org.springframework.test.context.support.ActiveProfilesUtils - Could not find an 'annotation declaring class' for annotation type [org.springframework.test.context.ActiveProfiles] and class [com.mindex.challenge.service.employee.impl.CompensationServiceImplTest]
17:08:56.614 [Test worker] DEBUG org.springframework.context.annotation.ClassPathScanningCandidateComponentProvider - Identified candidate component class: file [C:\Users\Sru-MainPC\Desktop\mindex-java-code-challenge\build\classes\java\main\com\mindex\challenge\ChallengeApplication.class]
17:08:56.615 [Test worker] INFO org.springframework.boot.test.context.SpringBootTestContextBootstrapper - Found @SpringBootConfiguration com.mindex.challenge.ChallengeApplication for test class com.mindex.challenge.service.employee.impl.CompensationServiceImplTest
17:08:56.676 [Test worker] DEBUG org.springframework.boot.test.context.SpringBootTestContextBootstrapper - @TestExecutionListeners is not present for class [com.mindex.challenge.service.employee.impl.CompensationServiceImplTest]: using defaults.
17:08:56.676 [Test worker] INFO org.springframework.boot.test.context.SpringBootTestContextBootstrapper - Loaded default TestExecutionListener class names from location [META-INF/spring.factories]: [org.springframework.boot.test.autoconfigure.restdocs.RestDocsTestExecutionListener, org.springframework.boot.test.autoconfigure.web.client.MockRestServiceServerResetTestExecutionListener, org.springframework.boot.test.autoconfigure.web.servlet.MockMvcPrintOnlyOnFailureTestExecutionListener, org.springframework.boot.test.autoconfigure.web.servlet.WebDriverTestExecutionListener, org.springframework.boot.test.mock.mockito.MockitoTestExecutionListener, org.springframework.boot.test.mock.mockito.ResetMocksTestExecutionListener, org.springframework.test.context.web.ServletTestExecutionListener, org.springframework.test.context.support.DirtiesContextBeforeModesTestExecutionListener, org.springframework.test.context.support.DependencyInjectionTestExecutionListener, org.springframework.test.context.support.DirtiesContextTestExecutionListener, org.springframework.test.context.transaction.TransactionalTestExecutionListener, org.springframework.test.context.jdbc.SqlScriptsTestExecutionListener, org.springframework.test.context.event.EventPublishingTestExecutionListener]
17:08:56.688 [Test worker] INFO org.springframework.boot.test.context.SpringBootTestContextBootstrapper - Using TestExecutionListeners: [org.springframework.test.context.web.ServletTestExecutionListener@1a769d81, org.springframework.test.context.support.DirtiesContextBeforeModesTestExecutionListener@73bdd86f, org.springframework.boot.test.mock.mockito.MockitoTestExecutionListener@23a3b2e8, org.springframework.boot.test.autoconfigure.SpringBootDependencyInjectionTestExecutionListener@62cad57b, org.springframework.test.context.support.DirtiesContextTestExecutionListener@4c7ec636, org.springframework.test.context.transaction.TransactionalTestExecutionListener@519d0176, org.springframework.test.context.jdbc.SqlScriptsTestExecutionListener@6f17cd5f, org.springframework.test.context.event.EventPublishingTestExecutionListener@5bc2bccb, org.springframework.boot.test.autoconfigure.restdocs.RestDocsTestExecutionListener@61b78ef3, org.springframework.boot.test.autoconfigure.web.client.MockRestServiceServerResetTestExecutionListener@5898a502, org.springframework.boot.test.autoconfigure.web.servlet.MockMvcPrintOnlyOnFailureTestExecutionListener@9b4f67b, org.springframework.boot.test.autoconfigure.web.servlet.WebDriverTestExecutionListener@47de2762, org.springframework.boot.test.mock.mockito.ResetMocksTestExecutionListener@1ac3e97c]
17:08:56.691 [Test worker] DEBUG org.springframework.test.annotation.ProfileValueUtils - Retrieved @ProfileValueSourceConfiguration [null] for test class [com.mindex.challenge.service.employee.impl.CompensationServiceImplTest]
17:08:56.692 [Test worker] DEBUG org.springframework.test.annotation.ProfileValueUtils - Retrieved ProfileValueSource type [class org.springframework.test.annotation.SystemProfileValueSource] for class [com.mindex.challenge.service.employee.impl.CompensationServiceImplTest]
17:08:56.694 [Test worker] DEBUG org.springframework.test.annotation.ProfileValueUtils - Retrieved @ProfileValueSourceConfiguration [null] for test class [com.mindex.challenge.service.employee.impl.CompensationServiceImplTest]
17:08:56.695 [Test worker] DEBUG org.springframework.test.annotation.ProfileValueUtils - Retrieved ProfileValueSource type [class org.springframework.test.annotation.SystemProfileValueSource] for class [com.mindex.challenge.service.employee.impl.CompensationServiceImplTest]
17:08:56.695 [Test worker] DEBUG org.springframework.test.annotation.ProfileValueUtils - Retrieved @ProfileValueSourceConfiguration [null] for test class [com.mindex.challenge.service.employee.impl.CompensationServiceImplTest]
17:08:56.696 [Test worker] DEBUG org.springframework.test.annotation.ProfileValueUtils - Retrieved ProfileValueSource type [class org.springframework.test.annotation.SystemProfileValueSource] for class [com.mindex.challenge.service.employee.impl.CompensationServiceImplTest]
17:08:56.698 [Test worker] DEBUG org.springframework.test.context.support.AbstractDirtiesContextTestExecutionListener - Before test class: context [DefaultTestContext@22fc0c8c testClass = CompensationServiceImplTest, testInstance = [null], testMethod = [null], testException = [null], mergedContextConfiguration = [WebMergedContextConfiguration@2b7c477a testClass = CompensationServiceImplTest, locations = '{}', classes = '{class com.mindex.challenge.ChallengeApplication}', contextInitializerClasses = '[]', activeProfiles = '{}', propertySourceLocations = '{}', propertySourceProperties = '{org.springframework.boot.test.context.SpringBootTestContextBootstrapper=true, server.port=0}', contextCustomizers = set[org.springframework.boot.test.autoconfigure.properties.PropertyMappingContextCustomizer@0, org.springframework.boot.test.autoconfigure.web.servlet.WebDriverContextCustomizerFactory$Customizer@6bdc78dd, org.springframework.boot.test.context.filter.ExcludeFilterContextCustomizer@784bf8ed, org.springframework.boot.test.json.DuplicateJsonObjectContextCustomizerFactory$DuplicateJsonObjectContextCustomizer@59204cbf, org.springframework.boot.test.mock.mockito.MockitoContextCustomizer@0, org.springframework.boot.test.web.client.TestRestTemplateContextCustomizer@bb4df02], resourceBasePath = 'src/main/webapp', contextLoader = 'org.springframework.boot.test.context.SpringBootContextLoader', parent = [null]], attributes = map['org.springframework.test.context.web.ServletTestExecutionListener.activateListener' -> false]], class annotated with @DirtiesContext [false] with mode [null].
17:08:56.699 [Test worker] DEBUG org.springframework.test.annotation.ProfileValueUtils - Retrieved @ProfileValueSourceConfiguration [null] for test class [com.mindex.challenge.service.employee.impl.CompensationServiceImplTest]
17:08:56.699 [Test worker] DEBUG org.springframework.test.annotation.ProfileValueUtils - Retrieved ProfileValueSource type [class org.springframework.test.annotation.SystemProfileValueSource] for class [com.mindex.challenge.service.employee.impl.CompensationServiceImplTest]
17:08:56.702 [Test worker] DEBUG org.springframework.test.context.support.DependencyInjectionTestExecutionListener - Performing dependency injection for test context [[DefaultTestContext@22fc0c8c testClass = CompensationServiceImplTest, testInstance = com.mindex.challenge.service.employee.impl.CompensationServiceImplTest@1c4d1e2c, testMethod = [null], testException = [null], mergedContextConfiguration = [WebMergedContextConfiguration@2b7c477a testClass = CompensationServiceImplTest, locations = '{}', classes = '{class com.mindex.challenge.ChallengeApplication}', contextInitializerClasses = '[]', activeProfiles = '{}', propertySourceLocations = '{}', propertySourceProperties = '{org.springframework.boot.test.context.SpringBootTestContextBootstrapper=true, server.port=0}', contextCustomizers = set[org.springframework.boot.test.autoconfigure.properties.PropertyMappingContextCustomizer@0, org.springframework.boot.test.autoconfigure.web.servlet.WebDriverContextCustomizerFactory$Customizer@6bdc78dd, org.springframework.boot.test.context.filter.ExcludeFilterContextCustomizer@784bf8ed, org.springframework.boot.test.json.DuplicateJsonObjectContextCustomizerFactory$DuplicateJsonObjectContextCustomizer@59204cbf, org.springframework.boot.test.mock.mockito.MockitoContextCustomizer@0, org.springframework.boot.test.web.client.TestRestTemplateContextCustomizer@bb4df02], resourceBasePath = 'src/main/webapp', contextLoader = 'org.springframework.boot.test.context.SpringBootContextLoader', parent = [null]], attributes = map['org.springframework.test.context.web.ServletTestExecutionListener.activateListener' -> false]]].
17:08:56.715 [Test worker] DEBUG org.springframework.test.context.support.TestPropertySourceUtils - Adding inlined properties to environment: {spring.jmx.enabled=false, org.springframework.boot.test.context.SpringBootTestContextBootstrapper=true, server.port=0}

  .   ____          _            __ _ _
 /\\ / ___'_ __ _ _(_)_ __  __ _ \ \ \ \
( ( )\___ | '_ | '_| | '_ \/ _` | \ \ \ \
 \\/  ___)| |_)| | | | | || (_| |  ) ) ) )
  '  |____| .__|_| |_|_| |_\__, | / / / /
 =========|_|==============|___/=/_/_/_/
 :: Spring Boot ::        (v2.2.0.RELEASE)

2023-12-21 17:08:56.881  INFO 18772 --- [    Test worker] c.m.c.s.e.i.CompensationServiceImplTest  : Starting CompensationServiceImplTest on SRU-Desktop with PID 18772 (started by Sru-MainPC in C:\Users\Sru-MainPC\Desktop\mindex-java-code-challenge)
2023-12-21 17:08:56.881 DEBUG 18772 --- [    Test worker] c.m.c.s.e.i.CompensationServiceImplTest  : Running with Spring Boot v2.2.0.RELEASE, Spring v5.2.0.RELEASE
2023-12-21 17:08:56.882  INFO 18772 --- [    Test worker] c.m.c.s.e.i.CompensationServiceImplTest  : No active profile set, falling back to default profiles: default
2023-12-21 17:08:57.133  INFO 18772 --- [    Test worker] .s.d.r.c.RepositoryConfigurationDelegate : Bootstrapping Spring Data repositories in DEFAULT mode.
2023-12-21 17:08:57.167  INFO 18772 --- [    Test worker] .s.d.r.c.RepositoryConfigurationDelegate : Finished Spring Data repository scanning in 30ms. Found 2 repository interfaces.
2023-12-21 17:08:57.575  INFO 18772 --- [    Test worker] o.s.b.w.embedded.tomcat.TomcatWebServer  : Tomcat initialized with port(s): 0 (http)
2023-12-21 17:08:57.580  INFO 18772 --- [    Test worker] o.apache.catalina.core.StandardService   : Starting service [Tomcat]
2023-12-21 17:08:57.581  INFO 18772 --- [    Test worker] org.apache.catalina.core.StandardEngine  : Starting Servlet engine: [Apache Tomcat/9.0.27]
2023-12-21 17:08:57.641  INFO 18772 --- [    Test worker] o.a.c.c.C.[Tomcat].[localhost].[/]       : Initializing Spring embedded WebApplicationContext
2023-12-21 17:08:57.641  INFO 18772 --- [    Test worker] o.s.web.context.ContextLoader            : Root WebApplicationContext: initialization completed in 748 ms
2023-12-21 17:08:57.960  INFO 18772 --- [    Test worker] de.bwaldvogel.mongo.MongoServer          : started MongoServer(port: 53207, ssl: false)
2023-12-21 17:08:58.002  INFO 18772 --- [    Test worker] org.mongodb.driver.cluster               : Cluster created with settings {hosts=[127.0.0.1:53207], mode=SINGLE, requiredClusterType=UNKNOWN, serverSelectionTimeout='30000 ms', maxWaitQueueSize=500}
2023-12-21 17:08:58.036  INFO 18772 --- [-server-worker1] d.b.mongo.wire.MongoWireProtocolHandler  : client [id: 0xb0274c7d, L:/127.0.0.1:53207 - R:/127.0.0.1:53208] connected
2023-12-21 17:08:58.069  WARN 18772 --- [    Test worker] o.s.data.convert.CustomConversions       : Registering converter from class java.time.LocalDateTime to class java.time.Instant as reading converter although it doesn't convert from a store-supported type! You might wanna check you annotation setup at the converter implementation.
2023-12-21 17:08:58.069  INFO 18772 --- [127.0.0.1:53207] org.mongodb.driver.connection            : Opened connection [connectionId{localValue:1}] to 127.0.0.1:53207
2023-12-21 17:08:58.069  WARN 18772 --- [    Test worker] o.s.data.convert.CustomConversions       : Registering converter from class java.time.Instant to class java.time.LocalDateTime as reading converter although it doesn't convert from a store-supported type! You might wanna check you annotation setup at the converter implementation.
2023-12-21 17:08:58.071  INFO 18772 --- [127.0.0.1:53207] org.mongodb.driver.cluster               : Monitor thread successfully connected to server with description ServerDescription{address=127.0.0.1:53207, type=STANDALONE, state=CONNECTED, ok=true, version=ServerVersion{versionList=[3, 0, 0]}, minWireVersion=0, maxWireVersion=2, maxDocumentSize=16777216, logicalSessionTimeoutMinutes=null, roundTripTimeNanos=778100}
2023-12-21 17:08:58.072  WARN 18772 --- [    Test worker] o.s.data.convert.CustomConversions       : Registering converter from class java.time.LocalDateTime to class java.time.Instant as reading converter although it doesn't convert from a store-supported type! You might wanna check you annotation setup at the converter implementation.
2023-12-21 17:08:58.072  WARN 18772 --- [    Test worker] o.s.data.convert.CustomConversions       : Registering converter from class java.time.Instant to class java.time.LocalDateTime as reading converter although it doesn't convert from a store-supported type! You might wanna check you annotation setup at the converter implementation.
2023-12-21 17:08:58.283  INFO 18772 --- [-server-worker2] d.b.mongo.wire.MongoWireProtocolHandler  : client [id: 0xa6188588, L:/127.0.0.1:53207 - R:/127.0.0.1:53209] connected
2023-12-21 17:08:58.285  INFO 18772 --- [    Test worker] org.mongodb.driver.connection            : Opened connection [connectionId{localValue:2}] to 127.0.0.1:53207
2023-12-21 17:08:58.297  INFO 18772 --- [-server-worker2] d.b.mongo.backend.AbstractMongoBackend   : created database test
2023-12-21 17:08:58.303  INFO 18772 --- [-server-worker2] d.b.mongo.backend.AbstractMongoDatabase  : adding unique _id index for collection employee
2023-12-21 17:08:58.304  INFO 18772 --- [-server-worker2] d.b.mongo.backend.AbstractMongoDatabase  : created collection test.employee
2023-12-21 17:08:58.446  INFO 18772 --- [    Test worker] o.s.s.concurrent.ThreadPoolTaskExecutor  : Initializing ExecutorService 'applicationTaskExecutor'
2023-12-21 17:08:58.553  WARN 18772 --- [    Test worker] o.s.data.convert.CustomConversions       : Registering converter from class java.time.LocalDateTime to class java.time.Instant as reading converter although it doesn't convert from a store-supported type! You might wanna check you annotation setup at the converter implementation.
2023-12-21 17:08:58.553  WARN 18772 --- [    Test worker] o.s.data.convert.CustomConversions       : Registering converter from class java.time.Instant to class java.time.LocalDateTime as reading converter although it doesn't convert from a store-supported type! You might wanna check you annotation setup at the converter implementation.
2023-12-21 17:08:58.568  WARN 18772 --- [    Test worker] o.s.data.convert.CustomConversions       : Registering converter from class java.time.LocalDateTime to class java.time.Instant as reading converter although it doesn't convert from a store-supported type! You might wanna check you annotation setup at the converter implementation.
2023-12-21 17:08:58.568  WARN 18772 --- [    Test worker] o.s.data.convert.CustomConversions       : Registering converter from class java.time.Instant to class java.time.LocalDateTime as reading converter although it doesn't convert from a store-supported type! You might wanna check you annotation setup at the converter implementation.
2023-12-21 17:08:58.635  INFO 18772 --- [    Test worker] o.s.b.w.embedded.tomcat.TomcatWebServer  : Tomcat started on port(s): 53210 (http) with context path ''
2023-12-21 17:08:58.636  INFO 18772 --- [    Test worker] c.m.c.s.e.i.CompensationServiceImplTest  : Started CompensationServiceImplTest in 1.918 seconds (JVM running for 2.545)
2023-12-21 17:08:58.824  INFO 18772 --- [o-auto-1-exec-1] o.a.c.c.C.[Tomcat].[localhost].[/]       : Initializing Spring DispatcherServlet 'dispatcherServlet'
2023-12-21 17:08:58.824  INFO 18772 --- [o-auto-1-exec-1] o.s.web.servlet.DispatcherServlet        : Initializing Servlet 'dispatcherServlet'
2023-12-21 17:08:58.834  INFO 18772 --- [o-auto-1-exec-1] o.s.web.servlet.DispatcherServlet        : Completed initialization in 10 ms
2023-12-21 17:08:58.860 DEBUG 18772 --- [o-auto-1-exec-1] c.m.c.controller.CompensationController  : Received compensation create request for employee with id [9494db55-267f-4408-981a-78380a11dc43]
2023-12-21 17:08:58.861 DEBUG 18772 --- [o-auto-1-exec-1] c.m.c.s.c.impl.CompensationServiceImpl   : Creating compensation [Compensation{employee=com.mindex.challenge.data.Employee@542ea68c, salary=0.8579739228594819, effectiveDate=Thu Dec 21 17:08:58 EST 2023}]
2023-12-21 17:08:58.893  INFO 18772 --- [-server-worker2] d.b.mongo.backend.AbstractMongoDatabase  : adding unique _id index for collection compensation
2023-12-21 17:08:58.893  INFO 18772 --- [-server-worker2] d.b.mongo.backend.AbstractMongoDatabase  : created collection test.compensation
2023-12-21 17:08:58.904 DEBUG 18772 --- [o-auto-1-exec-2] c.m.c.controller.CompensationController  : Received compensation read request for employee with id [9494db55-267f-4408-981a-78380a11dc43]
2023-12-21 17:08:58.904 DEBUG 18772 --- [o-auto-1-exec-2] c.m.c.s.c.impl.CompensationServiceImpl   : Reading compensation for employee with id [9494db55-267f-4408-981a-78380a11dc43]
]]></system-out>
  <system-err><![CDATA[]]></system-err>
</testsuite>
